Open5GS daemon v2.7.6

09/29 17:23:42.544: [app] INFO: Configuration: '/etc/open5gs/udr.yaml' (../lib/app/ogs-init.c:144)
09/29 17:23:42.544: [app] INFO: File Logging: '/var/log/open5gs/udr.log' (../lib/app/ogs-init.c:147)
09/29 17:23:42.545: [sbi] INFO: Setup NF EndPoint(addr) [10.10.0.200:7777] (../lib/sbi/context.c:507)
09/29 17:23:42.546: [dbi] INFO: MongoDB URI: 'mongodb://mongodb:27017/open5gs' (../lib/dbi/ogs-mongoc.c:130)
09/29 17:23:42.546: [sbi] INFO: NF Service [nudr-dr] (../lib/sbi/context.c:1994)
09/29 17:23:42.547: [sbi] INFO: nghttp2_server() [http://10.10.0.20]:7777 (../lib/sbi/nghttp2-server.c:439)
09/29 17:23:42.547: [app] INFO: UDR initialize...done (../src/udr/app.c:31)
09/29 17:23:42.548: [sbi] INFO: [0be165ec-9d59-41f0-bfa6-11104df88e15] NF registered [Heartbeat:10s] (../lib/sbi/nf-sm.c:295)
09/29 17:23:42.549: [sbi] INFO: Setup NF EndPoint(addr) [10.10.0.10:7777] (../lib/sbi/nnrf-handler.c:955)
09/29 17:23:42.549: [sbi] INFO: [0be1e4e0-9d59-41f0-a88d-335eb3c3030f] Subscription created until 2025-09-30T17:23:42.548938+00:00 [duration:86400000000,validity:86400.000000,patch:43200.000000] (../lib/sbi/nnrf-handler.c:874)
09/29 17:24:14.351: [app] INFO: SIGTERM received (../src/main.c:54)
09/29 17:24:14.351: [app] INFO: Open5GS daemon terminating... (../src/main.c:231)
09/29 17:24:14.351: [sbi] INFO: [0be165ec-9d59-41f0-bfa6-11104df88e15] NF de-registered (../lib/sbi/nf-sm.c:324)
09/29 17:24:14.353: [app] INFO: UDR terminate...done (../src/udr/app.c:39)
Open5GS daemon v2.7.6

09/29 17:26:30.753: [app] INFO: Configuration: '/etc/open5gs/udr.yaml' (../lib/app/ogs-init.c:144)
09/29 17:26:30.753: [app] INFO: File Logging: '/var/log/open5gs/udr.log' (../lib/app/ogs-init.c:147)
09/29 17:26:30.754: [sbi] INFO: Setup NF EndPoint(addr) [10.10.0.200:7777] (../lib/sbi/context.c:507)
09/29 17:26:30.756: [dbi] INFO: MongoDB URI: 'mongodb://mongodb:27017/open5gs' (../lib/dbi/ogs-mongoc.c:130)
09/29 17:26:30.756: [sbi] INFO: NF Service [nudr-dr] (../lib/sbi/context.c:1994)
09/29 17:26:30.756: [sbi] INFO: nghttp2_server() [http://10.10.0.20]:7777 (../lib/sbi/nghttp2-server.c:439)
09/29 17:26:30.757: [app] INFO: UDR initialize...done (../src/udr/app.c:31)
09/29 17:26:30.758: [sbi] INFO: [70240528-9d59-41f0-8d16-25269079405c] NF registered [Heartbeat:10s] (../lib/sbi/nf-sm.c:295)
09/29 17:26:30.759: [sbi] INFO: Setup NF EndPoint(addr) [10.10.0.10:7777] (../lib/sbi/nnrf-handler.c:955)
09/29 17:26:30.759: [sbi] INFO: [7024c210-9d59-41f0-918b-17e5adcd14af] Subscription created until 2025-09-30T17:26:30.759314+00:00 [duration:86400000000,validity:86400.000000,patch:43200.000000] (../lib/sbi/nnrf-handler.c:874)
09/29 17:31:26.476: [app] INFO: SIGTERM received (../src/main.c:54)
09/29 17:31:26.476: [app] INFO: Open5GS daemon terminating... (../src/main.c:231)
09/29 17:31:26.476: [sbi] INFO: [70240528-9d59-41f0-8d16-25269079405c] NF de-registered (../lib/sbi/nf-sm.c:324)
09/29 17:31:26.479: [app] INFO: UDR terminate...done (../src/udr/app.c:39)
