Open5GS daemon v2.7.6

09/29 17:14:15.479: [app] INFO: Configuration: '/etc/open5gs/nssf.yaml' (../lib/app/ogs-init.c:144)
09/29 17:14:15.479: [app] INFO: File Logging: '/var/log/open5gs/nssf.log' (../lib/app/ogs-init.c:147)
09/29 17:14:15.480: [sbi] INFO: Setup NF EndPoint(addr) [10.10.0.200:7777] (../lib/sbi/context.c:507)
09/29 17:14:15.480: [sbi] INFO: NF Service [nnssf-nsselection] (../lib/sbi/context.c:1994)
09/29 17:14:15.480: [sbi] INFO: nghttp2_server() [http://10.10.0.14]:7777 (../lib/sbi/nghttp2-server.c:439)
09/29 17:14:15.480: [app] INFO: NSSF initialize...done (../src/nssf/app.c:31)
09/29 17:14:15.482: [sbi] INFO: [b9e21ddc-9d57-41f0-9f7b-099e8070c981] NF registered [Heartbeat:10s] (../lib/sbi/nf-sm.c:295)
09/29 17:14:15.483: [sbi] INFO: Setup NF EndPoint(addr) [10.10.0.10:7777] (../lib/sbi/nnrf-handler.c:955)
09/29 17:14:15.483: [sbi] INFO: [b9e28024-9d57-41f0-a27f-87bf757d7ff8] Subscription created until 2025-09-30T17:14:15.483020+00:00 [duration:86400000000,validity:86400.000000,patch:43200.000000] (../lib/sbi/nnrf-handler.c:874)
09/29 17:19:04.937: [app] INFO: SIGTERM received (../src/main.c:54)
09/29 17:19:04.937: [app] INFO: Open5GS daemon terminating... (../src/main.c:231)
09/29 17:19:04.937: [sbi] INFO: [b9e21ddc-9d57-41f0-9f7b-099e8070c981] NF de-registered (../lib/sbi/nf-sm.c:324)
09/29 17:19:04.939: [app] INFO: NSSF terminate...done (../src/nssf/app.c:39)
Open5GS daemon v2.7.6

09/29 17:23:42.587: [app] INFO: Configuration: '/etc/open5gs/nssf.yaml' (../lib/app/ogs-init.c:144)
09/29 17:23:42.587: [app] INFO: File Logging: '/var/log/open5gs/nssf.log' (../lib/app/ogs-init.c:147)
09/29 17:23:42.588: [sbi] INFO: Setup NF EndPoint(addr) [10.10.0.200:7777] (../lib/sbi/context.c:507)
09/29 17:23:42.588: [sbi] INFO: NF Service [nnssf-nsselection] (../lib/sbi/context.c:1994)
09/29 17:23:42.589: [sbi] INFO: nghttp2_server() [http://10.10.0.14]:7777 (../lib/sbi/nghttp2-server.c:439)
09/29 17:23:42.589: [app] INFO: NSSF initialize...done (../src/nssf/app.c:31)
09/29 17:23:42.590: [sbi] INFO: [0be7fcae-9d59-41f0-83df-15251ac075c3] NF registered [Heartbeat:10s] (../lib/sbi/nf-sm.c:295)
09/29 17:23:42.590: [sbi] INFO: Setup NF EndPoint(addr) [10.10.0.10:7777] (../lib/sbi/nnrf-handler.c:955)
09/29 17:23:42.590: [sbi] INFO: [0be83c1e-9d59-41f0-a88d-335eb3c3030f] Subscription created until 2025-09-30T17:23:42.590484+00:00 [duration:86400000000,validity:86400.000000,patch:43200.000000] (../lib/sbi/nnrf-handler.c:874)
09/29 17:24:13.849: [app] INFO: SIGTERM received (../src/main.c:54)
09/29 17:24:13.849: [app] INFO: Open5GS daemon terminating... (../src/main.c:231)
09/29 17:24:13.849: [sbi] INFO: [0be7fcae-9d59-41f0-83df-15251ac075c3] NF de-registered (../lib/sbi/nf-sm.c:324)
09/29 17:24:13.850: [app] INFO: NSSF terminate...done (../src/nssf/app.c:39)
Open5GS daemon v2.7.6

09/29 17:26:30.766: [app] INFO: Configuration: '/etc/open5gs/nssf.yaml' (../lib/app/ogs-init.c:144)
09/29 17:26:30.766: [app] INFO: File Logging: '/var/log/open5gs/nssf.log' (../lib/app/ogs-init.c:147)
09/29 17:26:30.768: [sbi] INFO: Setup NF EndPoint(addr) [10.10.0.200:7777] (../lib/sbi/context.c:507)
09/29 17:26:30.768: [sbi] INFO: NF Service [nnssf-nsselection] (../lib/sbi/context.c:1994)
09/29 17:26:30.768: [sbi] INFO: nghttp2_server() [http://10.10.0.14]:7777 (../lib/sbi/nghttp2-server.c:439)
09/29 17:26:30.768: [app] INFO: NSSF initialize...done (../src/nssf/app.c:31)
09/29 17:26:30.769: [sbi] INFO: [70261688-9d59-41f0-ab88-09e31043cc8d] NF registered [Heartbeat:10s] (../lib/sbi/nf-sm.c:295)
09/29 17:26:30.769: [sbi] INFO: Setup NF EndPoint(addr) [10.10.0.10:7777] (../lib/sbi/nnrf-handler.c:955)
09/29 17:26:30.769: [sbi] INFO: [702653dc-9d59-41f0-918b-17e5adcd14af] Subscription created until 2025-09-30T17:26:30.769576+00:00 [duration:86400000000,validity:86400.000000,patch:43200.000000] (../lib/sbi/nnrf-handler.c:874)
09/29 17:31:25.689: [app] INFO: SIGTERM received (../src/main.c:54)
09/29 17:31:25.689: [app] INFO: Open5GS daemon terminating... (../src/main.c:231)
09/29 17:31:25.689: [sbi] INFO: [70261688-9d59-41f0-ab88-09e31043cc8d] NF de-registered (../lib/sbi/nf-sm.c:324)
09/29 17:31:25.691: [app] INFO: NSSF terminate...done (../src/nssf/app.c:39)
Open5GS daemon v2.7.6

10/01 05:21:21.474: [app] INFO: Configuration: '/etc/open5gs/nssf.yaml' (../lib/app/ogs-init.c:144)
10/01 05:21:21.474: [app] INFO: File Logging: '/var/log/open5gs/nssf.log' (../lib/app/ogs-init.c:147)
10/01 05:21:21.477: [sbi] INFO: Setup NF EndPoint(addr) [10.10.0.200:7777] (../lib/sbi/context.c:507)
10/01 05:21:21.477: [sbi] INFO: NF Service [nnssf-nsselection] (../lib/sbi/context.c:1994)
10/01 05:21:21.480: [sbi] INFO: nghttp2_server() [http://10.10.0.14]:7777 (../lib/sbi/nghttp2-server.c:439)
10/01 05:21:21.481: [app] INFO: NSSF initialize...done (../src/nssf/app.c:31)
10/01 05:21:21.484: [sbi] INFO: [776aa368-9e86-41f0-95ea-a75b120475f3] NF registered [Heartbeat:10s] (../lib/sbi/nf-sm.c:295)
10/01 05:21:21.485: [sbi] INFO: Setup NF EndPoint(addr) [10.10.0.10:7777] (../lib/sbi/nnrf-handler.c:955)
10/01 05:21:21.485: [sbi] INFO: [776bd6c0-9e86-41f0-a1e8-2b0f537bd9dd] Subscription created until 2025-10-02T05:21:21.484808+00:00 [duration:86400000000,validity:86400.000000,patch:43200.000000] (../lib/sbi/nnrf-handler.c:874)
10/01 17:21:21.495: [nssf] INFO: [776bd6c0-9e86-41f0-a1e8-2b0f537bd9dd] Need to update Subscription (../src/nssf/nssf-sm.c:345)
10/01 17:21:21.496: [sbi] INFO: [776bd6c0-9e86-41f0-a1e8-2b0f537bd9dd] Subscription updated(204 No Content) until 2025-10-02T17:21:21.496081+00:00 [duration:86400000000,validity:86400.000000,patch:43200.000000] (../lib/sbi/nnrf-handler.c:874)
10/02 05:21:21.504: [nssf] INFO: [776bd6c0-9e86-41f0-a1e8-2b0f537bd9dd] Need to update Subscription (../src/nssf/nssf-sm.c:345)
10/02 05:21:21.505: [sbi] INFO: [776bd6c0-9e86-41f0-a1e8-2b0f537bd9dd] Subscription updated(204 No Content) until 2025-10-03T05:21:21.505323+00:00 [duration:86400000000,validity:86400.000000,patch:43200.000000] (../lib/sbi/nnrf-handler.c:874)
10/02 08:04:08.113: [app] INFO: SIGTERM received (../src/main.c:54)
10/02 08:04:08.113: [app] INFO: Open5GS daemon terminating... (../src/main.c:231)
10/02 08:04:08.113: [sbi] INFO: [776aa368-9e86-41f0-95ea-a75b120475f3] NF de-registered (../lib/sbi/nf-sm.c:324)
10/02 08:04:08.115: [app] INFO: NSSF terminate...done (../src/nssf/app.c:39)
Open5GS daemon v2.7.6

10/02 08:09:59.835: [app] INFO: Configuration: '/etc/open5gs/nssf.yaml' (../lib/app/ogs-init.c:144)
10/02 08:09:59.835: [app] INFO: File Logging: '/var/log/open5gs/nssf.log' (../lib/app/ogs-init.c:147)
10/02 08:09:59.836: [sbi] INFO: Setup NF EndPoint(addr) [10.10.0.200:7777] (../lib/sbi/context.c:507)
10/02 08:09:59.836: [sbi] INFO: NF Service [nnssf-nsselection] (../lib/sbi/context.c:1994)
10/02 08:09:59.836: [sbi] INFO: nghttp2_server() [http://10.10.0.14]:7777 (../lib/sbi/nghttp2-server.c:439)
10/02 08:09:59.836: [app] INFO: NSSF initialize...done (../src/nssf/app.c:31)
10/02 08:09:59.838: [sbi] INFO: [30d792bc-9f67-41f0-8d8d-e1f7e03ca187] NF registered [Heartbeat:10s] (../lib/sbi/nf-sm.c:295)
10/02 08:09:59.839: [sbi] INFO: Setup NF EndPoint(addr) [10.10.0.10:7777] (../lib/sbi/nnrf-handler.c:955)
10/02 08:09:59.839: [sbi] INFO: [30d7ee1a-9f67-41f0-a863-95735d211ad1] Subscription created until 2025-10-03T08:09:59.839116+00:00 [duration:86400000000,validity:86400.000000,patch:43200.000000] (../lib/sbi/nnrf-handler.c:874)
10/02 08:41:59.923: [app] INFO: SIGTERM received (../src/main.c:54)
10/02 08:41:59.923: [app] INFO: Open5GS daemon terminating... (../src/main.c:231)
10/02 08:41:59.923: [sbi] INFO: [30d792bc-9f67-41f0-8d8d-e1f7e03ca187] NF de-registered (../lib/sbi/nf-sm.c:324)
10/02 08:41:59.924: [app] INFO: NSSF terminate...done (../src/nssf/app.c:39)
Open5GS daemon v2.7.6

10/02 08:43:34.512: [app] INFO: Configuration: '/etc/open5gs/nssf.yaml' (../lib/app/ogs-init.c:144)
10/02 08:43:34.512: [app] INFO: File Logging: '/var/log/open5gs/nssf.log' (../lib/app/ogs-init.c:147)
10/02 08:43:34.514: [sbi] INFO: Setup NF EndPoint(addr) [10.10.0.200:7777] (../lib/sbi/context.c:507)
10/02 08:43:34.514: [sbi] INFO: NF Service [nnssf-nsselection] (../lib/sbi/context.c:1994)
10/02 08:43:34.514: [sbi] INFO: nghttp2_server() [http://10.10.0.14]:7777 (../lib/sbi/nghttp2-server.c:439)
10/02 08:43:34.514: [app] INFO: NSSF initialize...done (../src/nssf/app.c:31)
10/02 08:43:34.516: [sbi] INFO: [e1aef54a-9f6b-41f0-8155-dd1083fe4030] NF registered [Heartbeat:10s] (../lib/sbi/nf-sm.c:295)
10/02 08:43:34.516: [sbi] INFO: Setup NF EndPoint(addr) [10.10.0.10:7777] (../lib/sbi/nnrf-handler.c:955)
10/02 08:43:34.517: [sbi] INFO: [e1af4f4a-9f6b-41f0-8430-9b07563a0094] Subscription created until 2025-10-03T08:43:34.516551+00:00 [duration:86400000000,validity:86400.000000,patch:43200.000000] (../lib/sbi/nnrf-handler.c:874)
10/02 08:55:35.254: [app] INFO: SIGTERM received (../src/main.c:54)
10/02 08:55:35.254: [app] INFO: Open5GS daemon terminating... (../src/main.c:231)
10/02 08:55:35.254: [sbi] INFO: [e1aef54a-9f6b-41f0-8155-dd1083fe4030] NF de-registered (../lib/sbi/nf-sm.c:324)
10/02 08:55:35.256: [app] INFO: NSSF terminate...done (../src/nssf/app.c:39)
Open5GS daemon v2.7.6

10/02 08:58:51.671: [app] INFO: Configuration: '/etc/open5gs/nssf.yaml' (../lib/app/ogs-init.c:144)
10/02 08:58:51.671: [app] INFO: File Logging: '/var/log/open5gs/nssf.log' (../lib/app/ogs-init.c:147)
10/02 08:58:51.672: [sbi] INFO: Setup NF EndPoint(addr) [10.10.0.200:7777] (../lib/sbi/context.c:507)
10/02 08:58:51.672: [sbi] INFO: NF Service [nnssf-nsselection] (../lib/sbi/context.c:1994)
10/02 08:58:51.672: [sbi] INFO: nghttp2_server() [http://10.10.0.14]:7777 (../lib/sbi/nghttp2-server.c:439)
10/02 08:58:51.672: [app] INFO: NSSF initialize...done (../src/nssf/app.c:31)
10/02 08:58:51.674: [sbi] INFO: [045a3828-9f6e-41f0-b7b1-47e51b1774f0] NF registered [Heartbeat:10s] (../lib/sbi/nf-sm.c:295)
10/02 08:58:51.674: [sbi] INFO: Setup NF EndPoint(addr) [10.10.0.10:7777] (../lib/sbi/nnrf-handler.c:955)
10/02 08:58:51.674: [sbi] INFO: [045a8792-9f6e-41f0-8a65-3bc30978ccf4] Subscription created until 2025-10-03T08:58:51.674645+00:00 [duration:86400000000,validity:86400.000000,patch:43200.000000] (../lib/sbi/nnrf-handler.c:874)
10/02 09:10:22.717: [app] INFO: SIGTERM received (../src/main.c:54)
10/02 09:10:22.717: [app] INFO: Open5GS daemon terminating... (../src/main.c:231)
10/02 09:10:22.717: [sbi] INFO: [045a3828-9f6e-41f0-b7b1-47e51b1774f0] NF de-registered (../lib/sbi/nf-sm.c:324)
10/02 09:10:22.719: [app] INFO: NSSF terminate...done (../src/nssf/app.c:39)
Open5GS daemon v2.7.6

10/02 09:17:33.414: [app] INFO: Configuration: '/etc/open5gs/nssf.yaml' (../lib/app/ogs-init.c:144)
10/02 09:17:33.414: [app] INFO: File Logging: '/var/log/open5gs/nssf.log' (../lib/app/ogs-init.c:147)
10/02 09:17:33.415: [sbi] INFO: Setup NF EndPoint(addr) [10.10.0.200:7777] (../lib/sbi/context.c:507)
10/02 09:17:33.415: [sbi] INFO: NF Service [nnssf-nsselection] (../lib/sbi/context.c:1994)
10/02 09:17:33.415: [sbi] INFO: nghttp2_server() [http://10.10.0.14]:7777 (../lib/sbi/nghttp2-server.c:439)
10/02 09:17:33.415: [app] INFO: NSSF initialize...done (../src/nssf/app.c:31)
10/02 09:17:33.416: [sbi] INFO: [a0f689d2-9f70-41f0-870d-a180403c7c7d] NF registered [Heartbeat:10s] (../lib/sbi/nf-sm.c:295)
10/02 09:17:33.417: [sbi] INFO: Setup NF EndPoint(addr) [10.10.0.10:7777] (../lib/sbi/nnrf-handler.c:955)
10/02 09:17:33.417: [sbi] INFO: [a0f6dcd4-9f70-41f0-b232-5104ef0c3750] Subscription created until 2025-10-03T09:17:33.417208+00:00 [duration:86400000000,validity:86400.000000,patch:43200.000000] (../lib/sbi/nnrf-handler.c:874)
10/02 21:17:33.422: [nssf] INFO: [a0f6dcd4-9f70-41f0-b232-5104ef0c3750] Need to update Subscription (../src/nssf/nssf-sm.c:345)
10/02 21:17:33.431: [sbi] INFO: [a0f6dcd4-9f70-41f0-b232-5104ef0c3750] Subscription updated(204 No Content) until 2025-10-03T21:17:33.431357+00:00 [duration:86400000000,validity:86400.000000,patch:43200.000000] (../lib/sbi/nnrf-handler.c:874)
10/03 09:17:33.432: [nssf] INFO: [a0f6dcd4-9f70-41f0-b232-5104ef0c3750] Need to update Subscription (../src/nssf/nssf-sm.c:345)
10/03 09:17:33.433: [sbi] INFO: [a0f6dcd4-9f70-41f0-b232-5104ef0c3750] Subscription updated(204 No Content) until 2025-10-04T09:17:33.433266+00:00 [duration:86400000000,validity:86400.000000,patch:43200.000000] (../lib/sbi/nnrf-handler.c:874)
10/03 21:17:33.434: [nssf] INFO: [a0f6dcd4-9f70-41f0-b232-5104ef0c3750] Need to update Subscription (../src/nssf/nssf-sm.c:345)
10/03 21:17:33.435: [sbi] INFO: [a0f6dcd4-9f70-41f0-b232-5104ef0c3750] Subscription updated(204 No Content) until 2025-10-04T21:17:33.435215+00:00 [duration:86400000000,validity:86400.000000,patch:43200.000000] (../lib/sbi/nnrf-handler.c:874)
10/04 09:17:33.437: [nssf] INFO: [a0f6dcd4-9f70-41f0-b232-5104ef0c3750] Need to update Subscription (../src/nssf/nssf-sm.c:345)
10/04 09:17:33.438: [sbi] INFO: [a0f6dcd4-9f70-41f0-b232-5104ef0c3750] Subscription updated(204 No Content) until 2025-10-05T09:17:33.438391+00:00 [duration:86400000000,validity:86400.000000,patch:43200.000000] (../lib/sbi/nnrf-handler.c:874)
10/04 21:17:33.440: [nssf] INFO: [a0f6dcd4-9f70-41f0-b232-5104ef0c3750] Need to update Subscription (../src/nssf/nssf-sm.c:345)
10/04 21:17:33.440: [sbi] INFO: [a0f6dcd4-9f70-41f0-b232-5104ef0c3750] Subscription updated(204 No Content) until 2025-10-05T21:17:33.440838+00:00 [duration:86400000000,validity:86400.000000,patch:43200.000000] (../lib/sbi/nnrf-handler.c:874)
10/05 09:17:33.442: [nssf] INFO: [a0f6dcd4-9f70-41f0-b232-5104ef0c3750] Need to update Subscription (../src/nssf/nssf-sm.c:345)
10/05 09:17:33.442: [sbi] INFO: [a0f6dcd4-9f70-41f0-b232-5104ef0c3750] Subscription updated(204 No Content) until 2025-10-06T09:17:33.442849+00:00 [duration:86400000000,validity:86400.000000,patch:43200.000000] (../lib/sbi/nnrf-handler.c:874)
10/05 21:17:33.447: [nssf] INFO: [a0f6dcd4-9f70-41f0-b232-5104ef0c3750] Need to update Subscription (../src/nssf/nssf-sm.c:345)
10/05 21:17:33.448: [sbi] INFO: [a0f6dcd4-9f70-41f0-b232-5104ef0c3750] Subscription updated(204 No Content) until 2025-10-06T21:17:33.448732+00:00 [duration:86400000000,validity:86400.000000,patch:43200.000000] (../lib/sbi/nnrf-handler.c:874)
10/06 09:00:52.997: [app] INFO: SIGTERM received (../src/main.c:54)
10/06 09:00:52.997: [app] INFO: Open5GS daemon terminating... (../src/main.c:231)
10/06 09:00:52.997: [sbi] INFO: [a0f689d2-9f70-41f0-870d-a180403c7c7d] NF de-registered (../lib/sbi/nf-sm.c:324)
10/06 09:00:53.017: [app] INFO: NSSF terminate...done (../src/nssf/app.c:39)
Open5GS daemon v2.7.6

10/06 12:21:43.565: [app] INFO: Configuration: '/etc/open5gs/nssf.yaml' (../lib/app/ogs-init.c:144)
10/06 12:21:43.565: [app] INFO: File Logging: '/var/log/open5gs/nssf.log' (../lib/app/ogs-init.c:147)
10/06 12:21:43.567: [sbi] INFO: Setup NF EndPoint(addr) [10.10.0.200:7777] (../lib/sbi/context.c:507)
10/06 12:21:43.567: [sbi] INFO: NF Service [nnssf-nsselection] (../lib/sbi/context.c:1994)
10/06 12:21:43.570: [sbi] INFO: nghttp2_server() [http://10.10.0.14]:7777 (../lib/sbi/nghttp2-server.c:439)
10/06 12:21:43.570: [app] INFO: NSSF initialize...done (../src/nssf/app.c:31)
10/06 12:21:43.570: [sbi] WARNING: Couldn't connect to server (7): Failed to connect to 10.10.0.200 port 7777 after 0 ms: Connection refused (../lib/sbi/client.c:757)
10/06 12:21:43.570: [sbi] WARNING: ogs_sbi_client_handler() failed [-1] (../lib/sbi/path.c:62)
10/06 12:21:54.580: [sbi] WARNING: [0504e928-a2af-41f0-a94f-8de8f7803bb5] Retry registration with NRF (../lib/sbi/nf-sm.c:256)
10/06 12:21:54.593: [sbi] INFO: [0504e928-a2af-41f0-a94f-8de8f7803bb5] NF registered [Heartbeat:10s] (../lib/sbi/nf-sm.c:295)
10/06 12:21:54.596: [sbi] INFO: Setup NF EndPoint(addr) [10.10.0.10:7777] (../lib/sbi/nnrf-handler.c:955)
10/06 12:21:54.596: [sbi] INFO: [0b979d3a-a2af-41f0-89f1-2fb593148b23] Subscription created until 2025-10-07T12:21:54.594779+00:00 [duration:86400000000,validity:86400.000000,patch:43200.000000] (../lib/sbi/nnrf-handler.c:874)
10/06 16:38:59.622: [sbi] ERROR: [0504e928-a2af-41f0-a94f-8de8f7803bb5] No heartbeat [type:NSSF] (../lib/sbi/nf-sm.c:431)
10/06 16:38:59.837: [sbi] INFO: [0504e928-a2af-41f0-a94f-8de8f7803bb5] NF de-registered (../lib/sbi/nf-sm.c:324)
10/06 16:39:04.206: [sbi] ERROR: [0504e928-a2af-41f0-a94f-8de8f7803bb5] HTTP Response Status Code [204] (../lib/sbi/nf-sm.c:232)
10/06 16:39:07.407: [sbi] WARNING: [0504e928-a2af-41f0-a94f-8de8f7803bb5] Retry registration with NRF (../lib/sbi/nf-sm.c:529)
10/06 16:39:13.020: [sbi] ERROR: Connection timer expired [METHOD:PUT] (../lib/sbi/client.c:658)
10/06 16:39:14.049: [sbi] ERROR: Effective URL: http://10.10.0.200:7777/nnrf-nfm/v1/nf-instances/0504e928-a2af-41f0-a94f-8de8f7803bb5 (../lib/sbi/client.c:662)
10/06 16:39:14.106: [sbi] WARNING: ogs_sbi_client_handler() failed [-3] (../lib/sbi/path.c:62)
10/06 16:39:21.430: [sbi] WARNING: [0504e928-a2af-41f0-a94f-8de8f7803bb5] Retry registration with NRF (../lib/sbi/nf-sm.c:256)
10/06 16:39:27.098: [sbi] ERROR: Connection timer expired [METHOD:PUT] (../lib/sbi/client.c:658)
10/06 16:39:27.128: [sbi] ERROR: Effective URL: http://10.10.0.200:7777/nnrf-nfm/v1/nf-instances/0504e928-a2af-41f0-a94f-8de8f7803bb5 (../lib/sbi/client.c:662)
10/06 16:39:27.128: [sbi] WARNING: ogs_sbi_client_handler() failed [-3] (../lib/sbi/path.c:62)
10/06 16:39:33.771: [sbi] WARNING: [0504e928-a2af-41f0-a94f-8de8f7803bb5] Retry registration with NRF (../lib/sbi/nf-sm.c:256)
10/06 16:39:37.721: [sbi] ERROR: Connection timer expired [METHOD:PUT] (../lib/sbi/client.c:658)
10/06 16:39:37.786: [sbi] ERROR: Effective URL: http://10.10.0.200:7777/nnrf-nfm/v1/nf-instances/0504e928-a2af-41f0-a94f-8de8f7803bb5 (../lib/sbi/client.c:662)
10/06 16:39:37.786: [sbi] WARNING: ogs_sbi_client_handler() failed [-3] (../lib/sbi/path.c:62)
10/06 16:39:45.047: [sbi] WARNING: [0504e928-a2af-41f0-a94f-8de8f7803bb5] Retry registration with NRF (../lib/sbi/nf-sm.c:256)
10/06 16:39:47.676: [sbi] ERROR: Connection timer expired [METHOD:PUT] (../lib/sbi/client.c:658)
10/06 16:39:47.717: [sbi] ERROR: Effective URL: http://10.10.0.200:7777/nnrf-nfm/v1/nf-instances/0504e928-a2af-41f0-a94f-8de8f7803bb5 (../lib/sbi/client.c:662)
10/06 16:39:47.717: [sbi] WARNING: ogs_sbi_client_handler() failed [-3] (../lib/sbi/path.c:62)
10/06 16:39:56.504: [sbi] WARNING: [0504e928-a2af-41f0-a94f-8de8f7803bb5] Retry registration with NRF (../lib/sbi/nf-sm.c:256)
10/06 16:40:09.834: [sbi] ERROR: Connection timer expired [METHOD:PUT] (../lib/sbi/client.c:658)
10/06 16:40:10.801: [sbi] ERROR: Effective URL: http://10.10.0.200:7777/nnrf-nfm/v1/nf-instances/0504e928-a2af-41f0-a94f-8de8f7803bb5 (../lib/sbi/client.c:662)
10/06 16:40:12.202: [sbi] WARNING: ogs_sbi_client_handler() failed [-3] (../lib/sbi/path.c:62)
10/06 16:40:13.591: [sbi] WARNING: [0504e928-a2af-41f0-a94f-8de8f7803bb5] Retry registration with NRF (../lib/sbi/nf-sm.c:256)
10/06 16:40:27.054: [sbi] ERROR: Connection timer expired [METHOD:PUT] (../lib/sbi/client.c:658)
10/06 16:40:27.400: [sbi] ERROR: Effective URL: http://10.10.0.200:7777/nnrf-nfm/v1/nf-instances/0504e928-a2af-41f0-a94f-8de8f7803bb5 (../lib/sbi/client.c:662)
10/06 16:40:27.400: [sbi] WARNING: ogs_sbi_client_handler() failed [-3] (../lib/sbi/path.c:62)
10/06 16:40:27.901: [sbi] WARNING: [0504e928-a2af-41f0-a94f-8de8f7803bb5] Retry registration with NRF (../lib/sbi/nf-sm.c:256)
10/06 16:40:40.669: [sbi] ERROR: Connection timer expired [METHOD:PUT] (../lib/sbi/client.c:658)
10/06 16:40:43.479: [sbi] ERROR: Effective URL: http://10.10.0.200:7777/nnrf-nfm/v1/nf-instances/0504e928-a2af-41f0-a94f-8de8f7803bb5 (../lib/sbi/client.c:662)
10/06 16:40:44.291: [sbi] WARNING: ogs_sbi_client_handler() failed [-3] (../lib/sbi/path.c:62)
10/06 16:40:55.416: [sbi] WARNING: [0504e928-a2af-41f0-a94f-8de8f7803bb5] Retry registration with NRF (../lib/sbi/nf-sm.c:256)
10/06 16:41:01.122: [sbi] ERROR: Connection timer expired [METHOD:PUT] (../lib/sbi/client.c:658)
10/06 16:41:01.526: [sbi] ERROR: Effective URL: http://10.10.0.200:7777/nnrf-nfm/v1/nf-instances/0504e928-a2af-41f0-a94f-8de8f7803bb5 (../lib/sbi/client.c:662)
10/06 16:41:01.526: [sbi] WARNING: ogs_sbi_client_handler() failed [-3] (../lib/sbi/path.c:62)
10/06 16:41:12.098: [sbi] ERROR: Connection timer expired [METHOD:PUT] (../lib/sbi/client.c:658)
10/06 16:41:12.258: [sbi] ERROR: Effective URL: http://10.10.0.200:7777/nnrf-nfm/v1/nf-instances/0504e928-a2af-41f0-a94f-8de8f7803bb5 (../lib/sbi/client.c:662)
10/06 16:41:12.258: [sbi] WARNING: ogs_sbi_client_handler() failed [-3] (../lib/sbi/path.c:62)
10/06 16:41:13.454: [sbi] WARNING: [0504e928-a2af-41f0-a94f-8de8f7803bb5] Retry registration with NRF (../lib/sbi/nf-sm.c:256)
10/06 16:41:24.811: [sbi] WARNING: [0504e928-a2af-41f0-a94f-8de8f7803bb5] Retry registration with NRF (../lib/sbi/nf-sm.c:256)
10/06 16:41:31.934: [sbi] ERROR: Connection timer expired [METHOD:PUT] (../lib/sbi/client.c:658)
10/06 16:41:32.498: [sbi] ERROR: Effective URL: http://10.10.0.200:7777/nnrf-nfm/v1/nf-instances/0504e928-a2af-41f0-a94f-8de8f7803bb5 (../lib/sbi/client.c:662)
10/06 16:41:33.035: [sbi] WARNING: ogs_sbi_client_handler() failed [-3] (../lib/sbi/path.c:62)
10/06 16:41:39.806: [sbi] WARNING: [0504e928-a2af-41f0-a94f-8de8f7803bb5] Retry registration with NRF (../lib/sbi/nf-sm.c:256)
10/06 16:41:48.541: [sbi] ERROR: Connection timer expired [METHOD:PUT] (../lib/sbi/client.c:658)
10/06 16:41:49.428: [sbi] ERROR: Effective URL: http://10.10.0.200:7777/nnrf-nfm/v1/nf-instances/0504e928-a2af-41f0-a94f-8de8f7803bb5 (../lib/sbi/client.c:662)
10/06 16:41:49.438: [sbi] WARNING: ogs_sbi_client_handler() failed [-3] (../lib/sbi/path.c:62)
10/06 16:41:53.980: [sbi] WARNING: [0504e928-a2af-41f0-a94f-8de8f7803bb5] Retry registration with NRF (../lib/sbi/nf-sm.c:256)
10/06 16:41:54.314: [sbi] ERROR: No NFProfile (../lib/sbi/nnrf-handler.c:44)
10/06 16:41:54.314: [sbi] INFO: [0504e928-a2af-41f0-a94f-8de8f7803bb5] NF registered [Heartbeat:10s] (../lib/sbi/nf-sm.c:295)
10/06 16:41:54.317: [sbi] ERROR: Unknown method [PUT] (../lib/sbi/nf-sm.c:386)
10/06 16:41:54.330: [sbi] INFO: Setup NF EndPoint(addr) [10.10.0.10:7777] (../lib/sbi/nnrf-handler.c:955)
10/06 16:41:54.330: [sbi] INFO: [5dc09728-a2d3-41f0-89f1-2fb593148b23] Subscription created until 2025-10-07T16:41:54.318745+00:00 [duration:86400000000,validity:86400.000000,patch:43200.000000] (../lib/sbi/nnrf-handler.c:874)
10/07 00:21:54.601: [nssf] INFO: [0b979d3a-a2af-41f0-89f1-2fb593148b23] Need to update Subscription (../src/nssf/nssf-sm.c:345)
10/07 00:21:54.602: [nssf] ERROR: [0b979d3a-a2af-41f0-89f1-2fb593148b23] HTTP response error [404] (../src/nssf/nssf-sm.c:259)
10/07 04:41:54.331: [nssf] INFO: [5dc09728-a2d3-41f0-89f1-2fb593148b23] Need to update Subscription (../src/nssf/nssf-sm.c:345)
10/07 04:41:54.331: [sbi] INFO: [5dc09728-a2d3-41f0-89f1-2fb593148b23] Subscription updated(204 No Content) until 2025-10-08T04:41:54.331809+00:00 [duration:86400000000,validity:86400.000000,patch:43200.000000] (../lib/sbi/nnrf-handler.c:874)
10/07 12:21:54.601: [nssf] ERROR: [0b979d3a-a2af-41f0-89f1-2fb593148b23] Subscription validity expired (../src/nssf/nssf-sm.c:333)
10/07 12:21:54.610: [sbi] INFO: Setup NF EndPoint(addr) [10.10.0.10:7777] (../lib/sbi/nnrf-handler.c:955)
10/07 12:21:54.610: [sbi] INFO: [3603aff4-a378-41f0-89f1-2fb593148b23] Subscription created until 2025-10-08T12:21:54.610033+00:00 [duration:86400000000,validity:86400.000000,patch:43200.000000] (../lib/sbi/nnrf-handler.c:874)
10/07 16:41:54.333: [nssf] INFO: [5dc09728-a2d3-41f0-89f1-2fb593148b23] Need to update Subscription (../src/nssf/nssf-sm.c:345)
10/07 16:41:54.334: [sbi] INFO: [5dc09728-a2d3-41f0-89f1-2fb593148b23] Subscription updated(204 No Content) until 2025-10-08T16:41:54.334788+00:00 [duration:86400000000,validity:86400.000000,patch:43200.000000] (../lib/sbi/nnrf-handler.c:874)
10/08 00:21:54.616: [nssf] INFO: [3603aff4-a378-41f0-89f1-2fb593148b23] Need to update Subscription (../src/nssf/nssf-sm.c:345)
10/08 00:21:54.617: [sbi] INFO: [3603aff4-a378-41f0-89f1-2fb593148b23] Subscription updated(204 No Content) until 2025-10-09T00:21:54.617817+00:00 [duration:86400000000,validity:86400.000000,patch:43200.000000] (../lib/sbi/nnrf-handler.c:874)
10/08 04:41:54.336: [nssf] INFO: [5dc09728-a2d3-41f0-89f1-2fb593148b23] Need to update Subscription (../src/nssf/nssf-sm.c:345)
10/08 04:41:54.337: [sbi] INFO: [5dc09728-a2d3-41f0-89f1-2fb593148b23] Subscription updated(204 No Content) until 2025-10-09T04:41:54.337101+00:00 [duration:86400000000,validity:86400.000000,patch:43200.000000] (../lib/sbi/nnrf-handler.c:874)
10/08 12:21:54.622: [nssf] INFO: [3603aff4-a378-41f0-89f1-2fb593148b23] Need to update Subscription (../src/nssf/nssf-sm.c:345)
10/08 12:21:54.624: [sbi] INFO: [3603aff4-a378-41f0-89f1-2fb593148b23] Subscription updated(204 No Content) until 2025-10-09T12:21:54.624110+00:00 [duration:86400000000,validity:86400.000000,patch:43200.000000] (../lib/sbi/nnrf-handler.c:874)
10/08 16:41:54.337: [nssf] INFO: [5dc09728-a2d3-41f0-89f1-2fb593148b23] Need to update Subscription (../src/nssf/nssf-sm.c:345)
10/08 16:41:54.338: [sbi] INFO: [5dc09728-a2d3-41f0-89f1-2fb593148b23] Subscription updated(204 No Content) until 2025-10-09T16:41:54.338437+00:00 [duration:86400000000,validity:86400.000000,patch:43200.000000] (../lib/sbi/nnrf-handler.c:874)
10/09 00:21:54.628: [nssf] INFO: [3603aff4-a378-41f0-89f1-2fb593148b23] Need to update Subscription (../src/nssf/nssf-sm.c:345)
10/09 00:21:54.629: [sbi] INFO: [3603aff4-a378-41f0-89f1-2fb593148b23] Subscription updated(204 No Content) until 2025-10-10T00:21:54.629837+00:00 [duration:86400000000,validity:86400.000000,patch:43200.000000] (../lib/sbi/nnrf-handler.c:874)
10/09 04:41:54.340: [nssf] INFO: [5dc09728-a2d3-41f0-89f1-2fb593148b23] Need to update Subscription (../src/nssf/nssf-sm.c:345)
10/09 04:41:54.341: [sbi] INFO: [5dc09728-a2d3-41f0-89f1-2fb593148b23] Subscription updated(204 No Content) until 2025-10-10T04:41:54.341171+00:00 [duration:86400000000,validity:86400.000000,patch:43200.000000] (../lib/sbi/nnrf-handler.c:874)
